<?xml version="1.0" encoding="UTF-8"?>
<testsuite name="com.frauddetection.dashboard_api.DashboardApiApplicationTests" tests="11" skipped="0" failures="0" errors="0" timestamp="2026-04-07T04:38:33.041Z" hostname="DESKTOP-B95967V" time="0.403">
  <properties/>
  <testcase name="transactionEvent_handlesMinimalJson()" classname="com.frauddetection.dashboard_api.DashboardApiApplicationTests" time="0.087"/>
  <testcase name="alertEvent_serializesToJsonWithSnakeCaseKeys()" classname="com.frauddetection.dashboard_api.DashboardApiApplicationTests" time="0.039"/>
  <testcase name="transactionEvent_ignoresUnknownFields()" classname="com.frauddetection.dashboard_api.DashboardApiApplicationTests" time="0.003"/>
  <testcase name="alertEvent_deserializesFromPythonJson()" classname="com.frauddetection.dashboard_api.DashboardApiApplicationTests" time="0.008"/>
  <testcase name="transactionEvent_toStringContainsKeyFields()" classname="com.frauddetection.dashboard_api.DashboardApiApplicationTests" time="0.005"/>
  <testcase name="alertEvent_toStringContainsKeyFields()" classname="com.frauddetection.dashboard_api.DashboardApiApplicationTests" time="0.001"/>
  <testcase name="transactionEvent_gettersAndSettersWork()" classname="com.frauddetection.dashboard_api.DashboardApiApplicationTests" time="0.001"/>
  <testcase name="alertEvent_singleFraudReason()" classname="com.frauddetection.dashboard_api.DashboardApiApplicationTests" time="0.004"/>
  <testcase name="transactionEvent_serializesToJsonWithSnakeCaseKeys()" classname="com.frauddetection.dashboard_api.DashboardApiApplicationTests" time="0.003"/>
  <testcase name="alertEvent_toStringHandlesNullTransaction()" classname="com.frauddetection.dashboard_api.DashboardApiApplicationTests" time="0.0"/>
  <testcase name="transactionEvent_deserializesAllFieldsFromPythonJson()" classname="com.frauddetection.dashboard_api.DashboardApiApplicationTests" time="0.003"/>
  <system-out><![CDATA[]]></system-out>
  <system-err><![CDATA[]]></system-err>
</testsuite>
